c:\users\gnxuo\source\repos\slimefight\slimefight\x64\debug\vc143.pdb
c:\users\gnxuo\source\repos\slimefight\slimefight\x64\debug\vc143.idb
c:\users\gnxuo\source\repos\slimefight\slimefight\x64\debug\zombiearena.obj
c:\users\gnxuo\source\repos\slimefight\slimefight\x64\debug\zombie.obj
c:\users\gnxuo\source\repos\slimefight\slimefight\x64\debug\trap.obj
c:\users\gnxuo\source\repos\slimefight\slimefight\x64\debug\textureholder.obj
c:\users\gnxuo\source\repos\slimefight\slimefight\x64\debug\room.obj
c:\users\gnxuo\source\repos\slimefight\slimefight\x64\debug\role.obj
c:\users\gnxuo\source\repos\slimefight\slimefight\x64\debug\pickup.obj
c:\users\gnxuo\source\repos\slimefight\slimefight\x64\debug\monster.obj
c:\users\gnxuo\source\repos\slimefight\slimefight\x64\debug\map.obj
c:\users\gnxuo\source\repos\slimefight\slimefight\x64\debug\itemmanager.obj
c:\users\gnxuo\source\repos\slimefight\slimefight\x64\debug\item.obj
c:\users\gnxuo\source\repos\slimefight\slimefight\x64\debug\createhorde.obj
c:\users\gnxuo\source\repos\slimefight\slimefight\x64\debug\createbackground.obj
c:\users\gnxuo\source\repos\slimefight\slimefight\x64\debug\consoleapplication3.obj
c:\users\gnxuo\source\repos\slimefight\slimefight\x64\debug\bullet2.obj
c:\users\gnxuo\source\repos\slimefight\slimefight\x64\debug\brick.obj
c:\users\gnxuo\source\repos\slimefight\x64\debug\slimefight.exe
c:\users\gnxuo\source\repos\slimefight\slimefight\x64\debug\slimefight.ilk
c:\users\gnxuo\source\repos\slimefight\x64\debug\slimefight.pdb
c:\users\gnxuo\source\repos\slimefight\slimefight\x64\debug\slimefight.tlog\cl.command.1.tlog
c:\users\gnxuo\source\repos\slimefight\slimefight\x64\debug\slimefight.tlog\cl.read.1.tlog
c:\users\gnxuo\source\repos\slimefight\slimefight\x64\debug\slimefight.tlog\cl.write.1.tlog
c:\users\gnxuo\source\repos\slimefight\slimefight\x64\debug\slimefight.tlog\link.command.1.tlog
c:\users\gnxuo\source\repos\slimefight\slimefight\x64\debug\slimefight.tlog\link.read.1.tlog
c:\users\gnxuo\source\repos\slimefight\slimefight\x64\debug\slimefight.tlog\link.write.1.tlog
